mode: set
github.com/bata94/apiright/pkg/core/app.go:41.39,42.28 1 1
github.com/bata94/apiright/pkg/core/app.go:42.28,44.3 1 1
github.com/bata94/apiright/pkg/core/app.go:48.51,49.28 1 1
github.com/bata94/apiright/pkg/core/app.go:49.28,51.3 1 1
github.com/bata94/apiright/pkg/core/app.go:55.43,56.28 1 1
github.com/bata94/apiright/pkg/core/app.go:56.28,58.3 1 1
github.com/bata94/apiright/pkg/core/app.go:62.43,63.28 1 1
github.com/bata94/apiright/pkg/core/app.go:63.28,66.3 2 1
github.com/bata94/apiright/pkg/core/app.go:70.48,71.28 1 1
github.com/bata94/apiright/pkg/core/app.go:71.28,73.3 1 1
github.com/bata94/apiright/pkg/core/app.go:77.52,78.28 1 1
github.com/bata94/apiright/pkg/core/app.go:78.28,82.3 3 1
github.com/bata94/apiright/pkg/core/app.go:86.45,87.28 1 1
github.com/bata94/apiright/pkg/core/app.go:87.28,90.3 2 1
github.com/bata94/apiright/pkg/core/app.go:94.54,95.28 1 1
github.com/bata94/apiright/pkg/core/app.go:95.28,99.3 1 1
github.com/bata94/apiright/pkg/core/app.go:103.50,104.28 1 1
github.com/bata94/apiright/pkg/core/app.go:104.28,106.3 1 1
github.com/bata94/apiright/pkg/core/app.go:110.46,112.2 1 1
github.com/bata94/apiright/pkg/core/app.go:115.36,120.31 3 1
github.com/bata94/apiright/pkg/core/app.go:120.31,123.3 2 0
github.com/bata94/apiright/pkg/core/app.go:125.2,134.27 2 1
github.com/bata94/apiright/pkg/core/app.go:134.27,136.3 1 1
github.com/bata94/apiright/pkg/core/app.go:139.2,149.89 4 1
github.com/bata94/apiright/pkg/core/app.go:149.89,155.3 1 1
github.com/bata94/apiright/pkg/core/app.go:157.2,157.59 1 1
github.com/bata94/apiright/pkg/core/app.go:157.59,162.3 1 1
github.com/bata94/apiright/pkg/core/app.go:164.2,164.30 1 1
github.com/bata94/apiright/pkg/core/app.go:164.30,168.26 3 1
github.com/bata94/apiright/pkg/core/app.go:168.26,170.4 1 1
github.com/bata94/apiright/pkg/core/app.go:172.3,175.5 1 1
github.com/bata94/apiright/pkg/core/app.go:176.8,177.41 1 1
github.com/bata94/apiright/pkg/core/app.go:177.41,182.4 1 1
github.com/bata94/apiright/pkg/core/app.go:185.2,193.24 3 1
github.com/bata94/apiright/pkg/core/app.go:193.24,195.3 1 1
github.com/bata94/apiright/pkg/core/app.go:198.2,207.3 1 1
github.com/bata94/apiright/pkg/core/app.go:233.48,235.2 1 1
github.com/bata94/apiright/pkg/core/app.go:238.49,240.2 1 1
github.com/bata94/apiright/pkg/core/app.go:243.54,245.2 1 1
github.com/bata94/apiright/pkg/core/app.go:248.47,250.2 1 1
github.com/bata94/apiright/pkg/core/app.go:254.46,262.2 4 1
github.com/bata94/apiright/pkg/core/app.go:264.33,266.2 1 1
github.com/bata94/apiright/pkg/core/app.go:268.69,270.2 1 1
github.com/bata94/apiright/pkg/core/app.go:272.70,274.2 1 1
github.com/bata94/apiright/pkg/core/app.go:276.69,278.2 1 1
github.com/bata94/apiright/pkg/core/app.go:280.72,282.2 1 1
github.com/bata94/apiright/pkg/core/app.go:284.73,286.2 1 1
github.com/bata94/apiright/pkg/core/app.go:288.52,290.2 1 1
github.com/bata94/apiright/pkg/core/app.go:292.86,294.2 1 1
github.com/bata94/apiright/pkg/core/app.go:296.84,298.2 1 1
github.com/bata94/apiright/pkg/core/app.go:301.73,305.55 2 1
github.com/bata94/apiright/pkg/core/app.go:305.55,306.63 1 1
github.com/bata94/apiright/pkg/core/app.go:306.63,309.4 2 0
github.com/bata94/apiright/pkg/core/app.go:312.2,313.33 2 1
github.com/bata94/apiright/pkg/core/app.go:313.33,314.40 1 1
github.com/bata94/apiright/pkg/core/app.go:314.40,316.4 1 1
github.com/bata94/apiright/pkg/core/app.go:318.2,318.35 1 1
github.com/bata94/apiright/pkg/core/app.go:318.35,319.42 1 0
github.com/bata94/apiright/pkg/core/app.go:319.42,321.4 1 0
github.com/bata94/apiright/pkg/core/app.go:324.2,324.81 1 1
github.com/bata94/apiright/pkg/core/app.go:324.81,329.93 4 1
github.com/bata94/apiright/pkg/core/app.go:329.93,331.4 1 0
github.com/bata94/apiright/pkg/core/app.go:333.3,338.46 3 1
github.com/bata94/apiright/pkg/core/app.go:338.46,345.29 5 0
github.com/bata94/apiright/pkg/core/app.go:346.34,347.28 1 0
github.com/bata94/apiright/pkg/core/app.go:348.33,349.27 1 0
github.com/bata94/apiright/pkg/core/app.go:350.34,351.28 1 0
github.com/bata94/apiright/pkg/core/app.go:352.12,357.21 3 0
github.com/bata94/apiright/pkg/core/app.go:360.4,360.37 1 0
github.com/bata94/apiright/pkg/core/app.go:360.37,361.21 1 0
github.com/bata94/apiright/pkg/core/app.go:363.4,363.30 1 0
github.com/bata94/apiright/pkg/core/app.go:363.30,365.21 2 0
github.com/bata94/apiright/pkg/core/app.go:369.3,369.42 1 1
github.com/bata94/apiright/pkg/core/app.go:369.42,370.20 1 0
github.com/bata94/apiright/pkg/core/app.go:373.3,373.47 1 1
github.com/bata94/apiright/pkg/core/app.go:373.47,375.31 2 0
github.com/bata94/apiright/pkg/core/app.go:375.31,377.21 2 0
github.com/bata94/apiright/pkg/core/app.go:381.4,386.47 5 0
github.com/bata94/apiright/pkg/core/app.go:386.47,388.25 2 0
github.com/bata94/apiright/pkg/core/app.go:389.35,391.31 2 0
github.com/bata94/apiright/pkg/core/app.go:392.34,394.30 2 0
github.com/bata94/apiright/pkg/core/app.go:395.35,397.31 2 0
github.com/bata94/apiright/pkg/core/app.go:399.5,399.26 1 0
github.com/bata94/apiright/pkg/core/app.go:399.26,400.11 1 0
github.com/bata94/apiright/pkg/core/app.go:404.4,404.25 1 0
github.com/bata94/apiright/pkg/core/app.go:404.25,408.21 4 0
github.com/bata94/apiright/pkg/core/app.go:411.4,411.38 1 0
github.com/bata94/apiright/pkg/core/app.go:411.38,412.21 1 0
github.com/bata94/apiright/pkg/core/app.go:417.3,417.26 1 1
github.com/bata94/apiright/pkg/core/app.go:420.2,420.105 1 1
github.com/bata94/apiright/pkg/core/app.go:423.101,424.85 1 0
github.com/bata94/apiright/pkg/core/app.go:424.85,426.3 1 0
github.com/bata94/apiright/pkg/core/app.go:428.2,438.60 8 0
github.com/bata94/apiright/pkg/core/app.go:438.60,440.3 1 0
github.com/bata94/apiright/pkg/core/app.go:441.2,441.64 1 0
github.com/bata94/apiright/pkg/core/app.go:441.64,443.3 1 0
github.com/bata94/apiright/pkg/core/app.go:445.2,456.39 3 0
github.com/bata94/apiright/pkg/core/app.go:456.39,458.29 2 0
github.com/bata94/apiright/pkg/core/app.go:458.29,459.36 1 0
github.com/bata94/apiright/pkg/core/app.go:459.36,462.5 2 0
github.com/bata94/apiright/pkg/core/app.go:466.2,466.54 1 0
github.com/bata94/apiright/pkg/core/app.go:466.54,467.69 1 0
github.com/bata94/apiright/pkg/core/app.go:467.69,469.4 1 0
github.com/bata94/apiright/pkg/core/app.go:472.2,472.61 1 0
github.com/bata94/apiright/pkg/core/app.go:472.61,474.3 1 0
github.com/bata94/apiright/pkg/core/app.go:475.2,475.57 1 0
github.com/bata94/apiright/pkg/core/app.go:475.57,477.3 1 0
github.com/bata94/apiright/pkg/core/app.go:479.2,479.54 1 0
github.com/bata94/apiright/pkg/core/app.go:479.54,481.3 1 0
github.com/bata94/apiright/pkg/core/app.go:483.2,483.45 1 0
github.com/bata94/apiright/pkg/core/app.go:483.45,497.3 2 0
github.com/bata94/apiright/pkg/core/app.go:498.2,498.46 1 0
github.com/bata94/apiright/pkg/core/app.go:498.46,500.3 1 0
github.com/bata94/apiright/pkg/core/app.go:500.8,503.3 1 0
github.com/bata94/apiright/pkg/core/app.go:505.2,505.115 1 0
github.com/bata94/apiright/pkg/core/app.go:505.115,507.3 1 0
github.com/bata94/apiright/pkg/core/app.go:508.2,508.54 1 0
github.com/bata94/apiright/pkg/core/app.go:511.36,514.36 2 1
github.com/bata94/apiright/pkg/core/app.go:514.36,515.33 1 1
github.com/bata94/apiright/pkg/core/app.go:515.33,517.4 1 1
github.com/bata94/apiright/pkg/core/app.go:520.2,520.40 1 1
github.com/bata94/apiright/pkg/core/app.go:520.40,522.34 2 0
github.com/bata94/apiright/pkg/core/app.go:522.34,523.34 1 0
github.com/bata94/apiright/pkg/core/app.go:523.34,525.5 1 0
github.com/bata94/apiright/pkg/core/app.go:530.36,533.36 2 0
github.com/bata94/apiright/pkg/core/app.go:533.36,534.33 1 0
github.com/bata94/apiright/pkg/core/app.go:534.33,536.4 1 0
github.com/bata94/apiright/pkg/core/app.go:539.2,539.40 1 0
github.com/bata94/apiright/pkg/core/app.go:539.40,541.34 2 0
github.com/bata94/apiright/pkg/core/app.go:541.34,542.34 1 0
github.com/bata94/apiright/pkg/core/app.go:542.34,544.5 1 0
github.com/bata94/apiright/pkg/core/app.go:549.42,554.44 3 0
github.com/bata94/apiright/pkg/core/app.go:554.44,557.3 2 0
github.com/bata94/apiright/pkg/core/app.go:558.2,561.54 2 0
github.com/bata94/apiright/pkg/core/app.go:561.54,564.3 2 0
github.com/bata94/apiright/pkg/core/app.go:565.2,579.14 8 0
github.com/bata94/apiright/pkg/core/app.go:582.27,591.2 6 0
github.com/bata94/apiright/pkg/core/middleware.go:22.42,23.36 1 0
github.com/bata94/apiright/pkg/core/middleware.go:23.36,24.29 1 0
github.com/bata94/apiright/pkg/core/middleware.go:24.29,26.61 2 0
github.com/bata94/apiright/pkg/core/middleware.go:26.61,28.19 2 0
github.com/bata94/apiright/pkg/core/middleware.go:28.19,30.6 1 0
github.com/bata94/apiright/pkg/core/middleware.go:31.5,34.15 4 0
github.com/bata94/apiright/pkg/core/middleware.go:36.4,36.18 1 0
github.com/bata94/apiright/pkg/core/middleware.go:42.53,43.36 1 1
github.com/bata94/apiright/pkg/core/middleware.go:43.36,44.29 1 1
github.com/bata94/apiright/pkg/core/middleware.go:44.29,46.20 2 1
github.com/bata94/apiright/pkg/core/middleware.go:46.20,51.37 4 1
github.com/bata94/apiright/pkg/core/middleware.go:51.37,53.6 1 0
github.com/bata94/apiright/pkg/core/middleware.go:53.11,55.6 1 1
github.com/bata94/apiright/pkg/core/middleware.go:58.4,58.18 1 1
github.com/bata94/apiright/pkg/core/middleware.go:64.35,65.36 1 1
github.com/bata94/apiright/pkg/core/middleware.go:65.36,66.29 1 1
github.com/bata94/apiright/pkg/core/middleware.go:66.29,67.17 1 1
github.com/bata94/apiright/pkg/core/middleware.go:67.17,68.37 1 1
github.com/bata94/apiright/pkg/core/middleware.go:68.37,71.6 2 1
github.com/bata94/apiright/pkg/core/middleware.go:73.4,73.18 1 1
github.com/bata94/apiright/pkg/core/middleware.go:94.43,100.2 1 1
github.com/bata94/apiright/pkg/core/middleware.go:103.48,105.2 1 0
github.com/bata94/apiright/pkg/core/middleware.go:109.57,110.36 1 0
github.com/bata94/apiright/pkg/core/middleware.go:110.36,111.29 1 0
github.com/bata94/apiright/pkg/core/middleware.go:111.29,123.14 5 0
github.com/bata94/apiright/pkg/core/middleware.go:123.14,125.5 1 0
github.com/bata94/apiright/pkg/core/middleware.go:128.4,128.11 1 0
github.com/bata94/apiright/pkg/core/middleware.go:129.23,131.15 1 0
github.com/bata94/apiright/pkg/core/middleware.go:132.22,134.46 1 0
github.com/bata94/apiright/pkg/core/middleware.go:134.46,138.6 3 0
github.com/bata94/apiright/pkg/core/middleware.go:140.5,140.21 1 0
github.com/bata94/apiright/pkg/core/middleware.go:175.37,184.2 1 1
github.com/bata94/apiright/pkg/core/middleware.go:190.39,199.2 1 1
github.com/bata94/apiright/pkg/core/middleware.go:202.46,203.45 1 1
github.com/bata94/apiright/pkg/core/middleware.go:203.45,205.3 1 1
github.com/bata94/apiright/pkg/core/middleware.go:206.2,206.45 1 1
github.com/bata94/apiright/pkg/core/middleware.go:206.45,208.3 1 1
github.com/bata94/apiright/pkg/core/middleware.go:209.2,209.46 1 1
github.com/bata94/apiright/pkg/core/middleware.go:209.46,211.3 1 0
github.com/bata94/apiright/pkg/core/middleware.go:216.77,217.18 1 1
github.com/bata94/apiright/pkg/core/middleware.go:217.18,219.3 1 1
github.com/bata94/apiright/pkg/core/middleware.go:220.2,220.35 1 1
github.com/bata94/apiright/pkg/core/middleware.go:220.35,221.15 1 1
github.com/bata94/apiright/pkg/core/middleware.go:221.15,223.4 1 1
github.com/bata94/apiright/pkg/core/middleware.go:224.3,224.35 1 1
github.com/bata94/apiright/pkg/core/middleware.go:224.35,226.4 1 1
github.com/bata94/apiright/pkg/core/middleware.go:228.2,228.18 1 1
github.com/bata94/apiright/pkg/core/middleware.go:232.49,234.68 1 1
github.com/bata94/apiright/pkg/core/middleware.go:234.68,236.3 1 0
github.com/bata94/apiright/pkg/core/middleware.go:236.8,238.3 1 1
github.com/bata94/apiright/pkg/core/middleware.go:241.2,241.68 1 1
github.com/bata94/apiright/pkg/core/middleware.go:241.68,244.3 2 0
github.com/bata94/apiright/pkg/core/middleware.go:244.8,244.41 1 1
github.com/bata94/apiright/pkg/core/middleware.go:244.41,246.3 1 1
github.com/bata94/apiright/pkg/core/middleware.go:246.8,249.23 2 1
github.com/bata94/apiright/pkg/core/middleware.go:249.23,252.4 2 0
github.com/bata94/apiright/pkg/core/middleware.go:256.2,256.23 1 1
github.com/bata94/apiright/pkg/core/middleware.go:256.23,258.3 1 1
github.com/bata94/apiright/pkg/core/middleware.go:261.2,261.29 1 1
github.com/bata94/apiright/pkg/core/middleware.go:261.29,263.3 1 1
github.com/bata94/apiright/pkg/core/middleware.go:266.2,266.44 1 1
github.com/bata94/apiright/pkg/core/middleware.go:270.51,273.36 2 1
github.com/bata94/apiright/pkg/core/middleware.go:273.36,274.29 1 1
github.com/bata94/apiright/pkg/core/middleware.go:274.29,277.11 3 1
github.com/bata94/apiright/pkg/core/middleware.go:277.11,279.5 1 1
github.com/bata94/apiright/pkg/core/middleware.go:281.4,282.28 2 1
github.com/bata94/apiright/pkg/core/middleware.go:282.28,284.5 1 1
github.com/bata94/apiright/pkg/core/middleware.go:286.4,286.46 1 1
github.com/bata94/apiright/pkg/core/middleware.go:286.46,289.5 2 1
github.com/bata94/apiright/pkg/core/middleware.go:291.4,291.37 1 1
github.com/bata94/apiright/pkg/core/middleware.go:291.37,293.5 1 0
github.com/bata94/apiright/pkg/core/middleware.go:295.4,295.31 1 1
github.com/bata94/apiright/pkg/core/middleware.go:295.31,297.5 1 0
github.com/bata94/apiright/pkg/core/middleware.go:299.4,299.18 1 1
github.com/bata94/apiright/pkg/core/middleware.go:323.37,333.2 1 0
github.com/bata94/apiright/pkg/core/middleware.go:336.51,337.36 1 0
github.com/bata94/apiright/pkg/core/middleware.go:337.36,338.29 1 0
github.com/bata94/apiright/pkg/core/middleware.go:338.29,339.42 1 0
github.com/bata94/apiright/pkg/core/middleware.go:339.42,342.19 2 0
github.com/bata94/apiright/pkg/core/middleware.go:342.19,344.6 1 0
github.com/bata94/apiright/pkg/core/middleware.go:346.5,354.56 2 0
github.com/bata94/apiright/pkg/core/middleware.go:357.10,361.19 3 0
github.com/bata94/apiright/pkg/core/middleware.go:361.19,364.6 2 0
github.com/bata94/apiright/pkg/core/middleware.go:366.5,366.57 1 0
github.com/bata94/apiright/pkg/core/middleware.go:366.57,369.6 2 0
github.com/bata94/apiright/pkg/core/middleware.go:372.4,372.18 1 0
github.com/bata94/apiright/pkg/core/middleware.go:377.56,380.16 3 0
github.com/bata94/apiright/pkg/core/middleware.go:380.16,382.3 1 0
github.com/bata94/apiright/pkg/core/middleware.go:383.2,383.50 1 0
github.com/bata94/apiright/pkg/core/response.go:28.36,32.2 1 1
github.com/bata94/apiright/pkg/core/response.go:35.46,36.22 1 1
github.com/bata94/apiright/pkg/core/response.go:36.22,38.3 1 1
github.com/bata94/apiright/pkg/core/response.go:39.2,39.18 1 1
github.com/bata94/apiright/pkg/core/response.go:43.63,46.16 2 1
github.com/bata94/apiright/pkg/core/response.go:46.16,52.75 5 1
github.com/bata94/apiright/pkg/core/response.go:52.75,55.4 2 1
github.com/bata94/apiright/pkg/core/response.go:58.2,58.39 1 1
github.com/bata94/apiright/pkg/core/response.go:58.39,59.34 1 1
github.com/bata94/apiright/pkg/core/response.go:59.34,61.4 1 1
github.com/bata94/apiright/pkg/core/response.go:61.9,63.4 1 0
github.com/bata94/apiright/pkg/core/response.go:66.2,68.28 2 1
github.com/bata94/apiright/pkg/core/response.go:68.28,70.3 1 1
github.com/bata94/apiright/pkg/core/response.go:70.8,72.3 1 1
github.com/bata94/apiright/pkg/core/response.go:74.2,74.16 1 1
github.com/bata94/apiright/pkg/core/response.go:74.16,77.3 1 0
github.com/bata94/apiright/pkg/core/response.go:81.43,83.2 1 1
github.com/bata94/apiright/pkg/core/response.go:86.46,88.2 1 1
github.com/bata94/apiright/pkg/core/response.go:91.57,93.2 1 1
github.com/bata94/apiright/pkg/core/response.go:96.44,98.2 1 1
github.com/bata94/apiright/pkg/core/response.go:101.54,104.2 2 1
github.com/bata94/apiright/pkg/core/route.go:26.34,28.2 1 1
github.com/bata94/apiright/pkg/core/route.go:31.43,33.2 1 1
github.com/bata94/apiright/pkg/core/route.go:73.46,75.2 1 1
github.com/bata94/apiright/pkg/core/route.go:86.45,88.2 1 1
github.com/bata94/apiright/pkg/core/route.go:91.60,93.2 1 1
github.com/bata94/apiright/pkg/core/route.go:122.37,124.2 1 0
github.com/bata94/apiright/pkg/core/route.go:127.84,142.38 4 1
github.com/bata94/apiright/pkg/core/route.go:142.38,143.17 1 0
github.com/bata94/apiright/pkg/core/route.go:143.17,145.4 1 0
github.com/bata94/apiright/pkg/core/route.go:148.2,149.32 2 1
github.com/bata94/apiright/pkg/core/route.go:149.32,151.3 1 0
github.com/bata94/apiright/pkg/core/route.go:153.2,153.10 1 1
github.com/bata94/apiright/pkg/core/route.go:178.37,179.27 1 0
github.com/bata94/apiright/pkg/core/route.go:179.27,181.3 1 0
github.com/bata94/apiright/pkg/core/route.go:183.2,185.15 3 0
github.com/bata94/apiright/pkg/core/route.go:185.15,185.45 1 0
github.com/bata94/apiright/pkg/core/route.go:187.2,187.16 1 0
github.com/bata94/apiright/pkg/core/route.go:187.16,190.3 2 0
github.com/bata94/apiright/pkg/core/route.go:192.2,192.10 1 0
github.com/bata94/apiright/pkg/core/route.go:195.40,197.2 1 0
github.com/bata94/apiright/pkg/core/route.go:199.33,201.2 1 0
github.com/bata94/apiright/pkg/core/route.go:203.32,205.2 1 0
github.com/bata94/apiright/pkg/core/route.go:207.33,209.2 1 0
github.com/bata94/apiright/pkg/core/route.go:211.56,212.16 1 0
github.com/bata94/apiright/pkg/core/route.go:212.16,214.3 1 0
github.com/bata94/apiright/pkg/core/route.go:215.2,216.12 2 0
github.com/bata94/apiright/pkg/core/route.go:219.41,222.2 2 0
github.com/bata94/apiright/pkg/core/route.go:224.34,226.2 1 0
github.com/bata94/apiright/pkg/core/route.go:228.33,230.2 1 0
github.com/bata94/apiright/pkg/core/route.go:232.34,234.2 1 0
github.com/bata94/apiright/pkg/core/route.go:246.64,249.27 2 1
github.com/bata94/apiright/pkg/core/route.go:249.27,251.3 1 0
github.com/bata94/apiright/pkg/core/route.go:253.2,253.15 1 1
github.com/bata94/apiright/pkg/core/route.go:257.37,258.33 1 0
github.com/bata94/apiright/pkg/core/route.go:258.33,260.3 1 0
github.com/bata94/apiright/pkg/core/route.go:263.35,266.2 2 1
github.com/bata94/apiright/pkg/core/route.go:268.79,272.16 3 1
github.com/bata94/apiright/pkg/core/route.go:272.16,274.3 1 0
github.com/bata94/apiright/pkg/core/route.go:275.2,275.15 1 1
github.com/bata94/apiright/pkg/core/route.go:275.15,275.35 1 1
github.com/bata94/apiright/pkg/core/route.go:277.2,282.58 4 1
github.com/bata94/apiright/pkg/core/route.go:282.58,284.3 1 0
github.com/bata94/apiright/pkg/core/route.go:286.2,287.46 2 1
github.com/bata94/apiright/pkg/core/route.go:287.46,289.3 1 0
github.com/bata94/apiright/pkg/core/route.go:291.2,292.16 2 1
github.com/bata94/apiright/pkg/core/route.go:292.16,294.3 1 0
github.com/bata94/apiright/pkg/core/route.go:295.2,295.15 1 1
github.com/bata94/apiright/pkg/core/route.go:295.15,295.34 1 1
github.com/bata94/apiright/pkg/core/route.go:297.2,298.12 2 1
github.com/bata94/apiright/pkg/core/route.go:302.23,306.2 3 1
github.com/bata94/apiright/pkg/core/route.go:309.31,311.2 1 1
github.com/bata94/apiright/pkg/core/route.go:314.39,316.2 1 1
github.com/bata94/apiright/pkg/core/route.go:319.53,320.25 1 1
github.com/bata94/apiright/pkg/core/route.go:320.25,322.3 1 1
github.com/bata94/apiright/pkg/core/route.go:323.2,323.37 1 1
github.com/bata94/apiright/pkg/core/route.go:349.53,351.2 1 1
github.com/bata94/apiright/pkg/core/route.go:359.3,372.2 1 1
github.com/bata94/apiright/pkg/core/route.go:380.3,382.2 1 1
github.com/bata94/apiright/pkg/core/route.go:388.67,394.27 2 1
github.com/bata94/apiright/pkg/core/route.go:394.27,396.3 1 1
github.com/bata94/apiright/pkg/core/route.go:398.2,398.15 1 1
github.com/bata94/apiright/pkg/core/route.go:402.36,403.36 1 1
github.com/bata94/apiright/pkg/core/route.go:403.36,405.3 1 1
github.com/bata94/apiright/pkg/core/route.go:408.90,409.36 1 0
github.com/bata94/apiright/pkg/core/route.go:409.36,421.3 1 0
github.com/bata94/apiright/pkg/core/route.go:425.37,426.36 1 1
github.com/bata94/apiright/pkg/core/route.go:426.36,428.3 1 1
github.com/bata94/apiright/pkg/core/route.go:432.38,433.36 1 1
github.com/bata94/apiright/pkg/core/route.go:433.36,435.3 1 1
github.com/bata94/apiright/pkg/core/route.go:439.40,440.36 1 1
github.com/bata94/apiright/pkg/core/route.go:440.36,442.3 1 1
github.com/bata94/apiright/pkg/core/route.go:446.66,447.36 1 1
github.com/bata94/apiright/pkg/core/route.go:447.36,451.3 3 1
github.com/bata94/apiright/pkg/core/route.go:455.64,456.36 1 1
github.com/bata94/apiright/pkg/core/route.go:456.36,459.3 2 1
github.com/bata94/apiright/pkg/core/route.go:463.42,464.36 1 1
github.com/bata94/apiright/pkg/core/route.go:464.36,466.3 1 1
github.com/bata94/apiright/pkg/core/route.go:470.50,471.36 1 1
github.com/bata94/apiright/pkg/core/route.go:471.36,473.3 1 1
github.com/bata94/apiright/pkg/core/route.go:477.39,478.36 1 0
github.com/bata94/apiright/pkg/core/route.go:478.36,480.3 1 0
github.com/bata94/apiright/pkg/core/router.go:15.45,20.2 4 0
github.com/bata94/apiright/pkg/core/router.go:22.37,26.2 1 1
github.com/bata94/apiright/pkg/core/router.go:38.39,40.2 1 1
github.com/bata94/apiright/pkg/core/router.go:43.40,45.2 1 1
github.com/bata94/apiright/pkg/core/router.go:48.36,50.2 1 1
github.com/bata94/apiright/pkg/core/router.go:53.38,54.25 1 1
github.com/bata94/apiright/pkg/core/router.go:54.25,55.51 1 1
github.com/bata94/apiright/pkg/core/router.go:55.51,57.4 1 1
github.com/bata94/apiright/pkg/core/router.go:58.8,58.29 1 1
github.com/bata94/apiright/pkg/core/router.go:58.29,60.3 1 1
github.com/bata94/apiright/pkg/core/router.go:61.2,61.19 1 1
github.com/bata94/apiright/pkg/core/router.go:65.72,67.2 1 1
github.com/bata94/apiright/pkg/core/router.go:70.73,72.2 1 1
github.com/bata94/apiright/pkg/core/router.go:75.72,77.2 1 1
github.com/bata94/apiright/pkg/core/router.go:80.75,82.2 1 1
github.com/bata94/apiright/pkg/core/router.go:85.76,87.2 1 1
github.com/bata94/apiright/pkg/core/router.go:90.61,91.26 1 1
github.com/bata94/apiright/pkg/core/router.go:91.26,94.3 2 0
github.com/bata94/apiright/pkg/core/router.go:95.2,95.59 1 1
github.com/bata94/apiright/pkg/core/router.go:149.82,159.27 2 1
github.com/bata94/apiright/pkg/core/router.go:159.27,161.3 1 1
github.com/bata94/apiright/pkg/core/router.go:163.2,163.30 1 1
github.com/bata94/apiright/pkg/core/router.go:163.30,165.3 1 0
github.com/bata94/apiright/pkg/core/router.go:167.2,167.21 1 1
github.com/bata94/apiright/pkg/core/router.go:167.21,170.3 2 0
github.com/bata94/apiright/pkg/core/router.go:172.2,172.10 1 1
github.com/bata94/apiright/pkg/core/router.go:177.44,178.38 1 1
github.com/bata94/apiright/pkg/core/router.go:178.38,181.3 2 1
github.com/bata94/apiright/pkg/core/router.go:185.45,186.38 1 0
github.com/bata94/apiright/pkg/core/router.go:186.38,188.3 1 0
github.com/bata94/apiright/pkg/core/router.go:193.42,194.38 1 0
github.com/bata94/apiright/pkg/core/router.go:194.38,197.3 2 0
github.com/bata94/apiright/pkg/core/router.go:201.56,202.38 1 0
github.com/bata94/apiright/pkg/core/router.go:202.38,205.3 2 0
github.com/bata94/apiright/pkg/core/router.go:209.63,210.38 1 1
github.com/bata94/apiright/pkg/core/router.go:210.38,212.3 1 1
github.com/bata94/apiright/pkg/core/router.go:216.59,217.38 1 0
github.com/bata94/apiright/pkg/core/router.go:217.38,219.3 1 0
github.com/bata94/apiright/pkg/core/router.go:225.56,232.24 3 1
github.com/bata94/apiright/pkg/core/router.go:232.24,234.14 2 0
github.com/bata94/apiright/pkg/core/router.go:237.2,238.16 2 1
github.com/bata94/apiright/pkg/core/router.go:238.16,240.14 2 0
github.com/bata94/apiright/pkg/core/router.go:244.2,244.22 1 1
github.com/bata94/apiright/pkg/core/router.go:247.28,249.16 2 1
github.com/bata94/apiright/pkg/core/router.go:249.16,251.3 1 0
github.com/bata94/apiright/pkg/core/router.go:255.89,259.16 4 1
github.com/bata94/apiright/pkg/core/router.go:259.16,261.3 1 0
github.com/bata94/apiright/pkg/core/router.go:263.2,263.20 1 1
github.com/bata94/apiright/pkg/core/router.go:263.20,268.17 4 1
github.com/bata94/apiright/pkg/core/router.go:268.17,270.4 1 0
github.com/bata94/apiright/pkg/core/router.go:272.3,272.22 1 1
github.com/bata94/apiright/pkg/core/router.go:272.22,273.70 1 1
github.com/bata94/apiright/pkg/core/router.go:273.70,276.19 3 1
github.com/bata94/apiright/pkg/core/router.go:276.19,278.6 1 0
github.com/bata94/apiright/pkg/core/router.go:280.5,280.28 1 1
github.com/bata94/apiright/pkg/core/router.go:280.28,285.6 4 1
github.com/bata94/apiright/pkg/core/router.go:289.3,289.15 1 1
github.com/bata94/apiright/pkg/core/router.go:289.15,290.27 1 0
github.com/bata94/apiright/pkg/core/router.go:290.27,293.19 3 0
github.com/bata94/apiright/pkg/core/router.go:293.19,297.6 3 0
github.com/bata94/apiright/pkg/core/router.go:299.5,300.19 2 0
github.com/bata94/apiright/pkg/core/router.go:300.19,301.40 1 0
github.com/bata94/apiright/pkg/core/router.go:301.40,305.7 3 0
github.com/bata94/apiright/pkg/core/router.go:306.6,311.16 5 0
github.com/bata94/apiright/pkg/core/router.go:314.5,317.15 4 0
github.com/bata94/apiright/pkg/core/router.go:320.8,321.26 1 1
github.com/bata94/apiright/pkg/core/router.go:321.26,324.18 3 1
github.com/bata94/apiright/pkg/core/router.go:324.18,328.5 3 0
github.com/bata94/apiright/pkg/core/router.go:330.4,331.18 2 1
github.com/bata94/apiright/pkg/core/router.go:331.18,338.5 5 0
github.com/bata94/apiright/pkg/core/router.go:340.4,343.14 4 1
github.com/bata94/apiright/pkg/core/router.go:347.2,352.3 1 1
github.com/bata94/apiright/pkg/core/router.go:615.44,617.44 1 1
github.com/bata94/apiright/pkg/core/router.go:617.44,619.4 1 0
github.com/bata94/apiright/pkg/core/router.go:620.38,622.16 2 0
github.com/bata94/apiright/pkg/core/router.go:622.16,624.5 1 0
github.com/bata94/apiright/pkg/core/router.go:625.4,626.44 2 0
github.com/bata94/apiright/pkg/core/router.go:626.44,629.5 2 0
github.com/bata94/apiright/pkg/core/router.go:631.4,631.74 1 0
github.com/bata94/apiright/pkg/core/router.go:637.186,646.16 3 1
github.com/bata94/apiright/pkg/core/router.go:646.16,647.13 1 0
github.com/bata94/apiright/pkg/core/router.go:650.2,650.21 1 1
github.com/bata94/apiright/pkg/core/router.go:650.21,651.42 1 0
github.com/bata94/apiright/pkg/core/router.go:654.2,654.29 1 1
github.com/bata94/apiright/pkg/core/router.go:654.29,655.38 1 1
github.com/bata94/apiright/pkg/core/router.go:655.38,657.9 2 1
github.com/bata94/apiright/pkg/core/router.go:661.2,661.29 1 1
github.com/bata94/apiright/pkg/core/router.go:661.29,662.19 1 1
github.com/bata94/apiright/pkg/core/router.go:662.19,666.23 2 0
github.com/bata94/apiright/pkg/core/router.go:666.23,668.5 1 0
github.com/bata94/apiright/pkg/core/router.go:669.4,669.12 1 0
github.com/bata94/apiright/pkg/core/router.go:671.3,672.17 2 1
github.com/bata94/apiright/pkg/core/router.go:672.17,673.14 1 0
github.com/bata94/apiright/pkg/core/router.go:675.3,682.62 3 1
github.com/bata94/apiright/pkg/core/router.go:682.62,684.4 1 0
github.com/bata94/apiright/pkg/core/router.go:685.3,687.22 2 1
github.com/bata94/apiright/pkg/core/router.go:687.22,689.4 1 1
github.com/bata94/apiright/pkg/core/router.go:692.2,692.21 1 1
github.com/bata94/apiright/pkg/core/router.go:695.134,697.29 2 1
github.com/bata94/apiright/pkg/core/router.go:697.29,699.17 2 1
github.com/bata94/apiright/pkg/core/router.go:699.17,700.14 1 0
github.com/bata94/apiright/pkg/core/router.go:702.3,702.30 1 1
github.com/bata94/apiright/pkg/core/router.go:703.8,704.56 1 0
github.com/bata94/apiright/pkg/core/router.go:704.56,705.14 1 0
github.com/bata94/apiright/pkg/core/router.go:708.2,708.20 1 1
github.com/bata94/apiright/pkg/core/router.go:714.95,720.16 5 1
github.com/bata94/apiright/pkg/core/router.go:720.16,721.13 1 0
github.com/bata94/apiright/pkg/core/router.go:724.2,725.38 2 1
github.com/bata94/apiright/pkg/core/router.go:725.38,727.3 1 1
github.com/bata94/apiright/pkg/core/router.go:729.2,729.20 1 1
github.com/bata94/apiright/pkg/core/router.go:729.20,731.17 2 1
github.com/bata94/apiright/pkg/core/router.go:731.17,734.4 2 0
github.com/bata94/apiright/pkg/core/router.go:736.3,736.46 1 1
github.com/bata94/apiright/pkg/core/router.go:736.46,738.27 2 1
github.com/bata94/apiright/pkg/core/router.go:738.27,744.5 4 0
github.com/bata94/apiright/pkg/core/router.go:745.9,746.27 1 0
github.com/bata94/apiright/pkg/core/router.go:746.27,754.5 5 0
github.com/bata94/apiright/pkg/core/router.go:756.8,757.26 1 0
github.com/bata94/apiright/pkg/core/router.go:757.26,763.50 2 0
github.com/bata94/apiright/pkg/core/router.go:763.50,766.19 3 0
github.com/bata94/apiright/pkg/core/router.go:766.19,769.6 2 0
github.com/bata94/apiright/pkg/core/router.go:770.5,770.124 1 0
github.com/bata94/apiright/pkg/core/router.go:771.10,776.19 4 0
github.com/bata94/apiright/pkg/core/router.go:776.19,778.40 2 0
github.com/bata94/apiright/pkg/core/router.go:778.40,782.7 3 0
github.com/bata94/apiright/pkg/core/router.go:783.6,783.16 1 0
github.com/bata94/apiright/pkg/core/router.go:787.4,791.14 4 0
github.com/bata94/apiright/pkg/core/router.go:794.2,795.23 2 1
github.com/bata94/apiright/pkg/core/router.go:798.47,800.33 1 1
github.com/bata94/apiright/pkg/core/router.go:800.33,801.25 1 1
github.com/bata94/apiright/pkg/core/router.go:801.25,803.4 1 1
github.com/bata94/apiright/pkg/core/router.go:806.2,806.11 1 1
github.com/bata94/apiright/pkg/core/router.go:809.88,813.22 3 1
github.com/bata94/apiright/pkg/core/router.go:813.22,815.15 2 1
github.com/bata94/apiright/pkg/core/router.go:815.15,818.36 1 1
github.com/bata94/apiright/pkg/core/router.go:818.36,821.6 2 0
github.com/bata94/apiright/pkg/core/router.go:824.4,824.36 1 1
github.com/bata94/apiright/pkg/core/router.go:825.9,827.4 1 0
github.com/bata94/apiright/pkg/core/router.go:829.3,835.33 2 1
github.com/bata94/apiright/pkg/core/router.go:839.2,839.25 1 1
github.com/bata94/apiright/pkg/core/router.go:839.25,840.53 1 1
github.com/bata94/apiright/pkg/core/router.go:840.53,841.35 1 1
github.com/bata94/apiright/pkg/core/router.go:841.35,843.5 1 1
github.com/bata94/apiright/pkg/core/router.go:847.2,852.4 1 1
github.com/bata94/apiright/pkg/core/test_utils.go:16.81,21.16 4 1
github.com/bata94/apiright/pkg/core/test_utils.go:21.16,23.3 1 0
github.com/bata94/apiright/pkg/core/test_utils.go:25.2,26.16 2 1
github.com/bata94/apiright/pkg/core/test_utils.go:26.16,28.3 1 0
github.com/bata94/apiright/pkg/core/test_utils.go:30.2,31.16 2 1
github.com/bata94/apiright/pkg/core/test_utils.go:31.16,33.3 1 0
github.com/bata94/apiright/pkg/core/test_utils.go:35.2,38.8 1 1
github.com/bata94/apiright/pkg/core/test_utils.go:41.53,43.16 2 1
github.com/bata94/apiright/pkg/core/test_utils.go:43.16,45.3 1 0
github.com/bata94/apiright/pkg/core/test_utils.go:46.2,46.29 1 1
github.com/bata94/apiright/pkg/core/test_utils.go:49.53,51.2 1 1
github.com/bata94/apiright/pkg/core/test_utils.go:53.45,55.2 1 1
github.com/bata94/apiright/pkg/core/test_utils.go:57.43,59.2 1 1
github.com/bata94/apiright/pkg/core/test_utils.go:61.43,63.2 1 1
